<?xml version="1.0" encoding="UTF-8"?>
<!-- Generated by org.testng.reporters.JUnitReportReporter -->
<testsuite hostname="TYSS-Manoj" failures="0" tests="1" name="Vendor.TC001_Create_A_Vendor_And_Verify_If_Vendor_Is_Created_Successfully" time="10.601" errors="0" timestamp="2023-07-20T08:31:18 IST" skipped="0">
  <testcase classname="Vendor.TC001_Create_A_Vendor_And_Verify_If_Vendor_Is_Created_Successfully" name="Create_A_Vendor_And_Verify" time="10.601"/>
  <system-out/>
</testsuite> <!-- Vendor.TC001_Create_A_Vendor_And_Verify_If_Vendor_Is_Created_Successfully -->
