<?xml version="1.0" encoding="UTF-8"?>
<!-- Generated by org.testng.reporters.JUnitReportReporter -->
<testsuite hostname="TYSS-Manoj" failures="0" tests="1" name="Organization.TC001_Create_An_Organization_And_Verify_If_Organization_Is_Created_Successfully" time="13.679" errors="0" timestamp="2023-07-20T08:31:18 IST" skipped="0">
  <testcase classname="Organization.TC001_Create_An_Organization_And_Verify_If_Organization_Is_Created_Successfully" name="Create_A_Organization_And_Verify" time="13.679"/>
  <system-out/>
</testsuite> <!-- Organization.TC001_Create_An_Organization_And_Verify_If_Organization_Is_Created_Successfully -->
