<?xml version="1.0" encoding="UTF-8"?>
<!-- Generated by org.testng.reporters.JUnitReportReporter -->
<testsuite hostname="TYSS-Manoj" failures="0" tests="1" name="Leads.TC001_Create_A_Lead_And_Verify_If_Lead_Is_Created_Successfully" time="12.384" errors="0" timestamp="2023-07-20T08:31:18 IST" skipped="0">
  <testcase classname="Leads.TC001_Create_A_Lead_And_Verify_If_Lead_Is_Created_Successfully" name="Create_a_Lead_and_Verify" time="12.384"/>
  <system-out/>
</testsuite> <!-- Leads.TC001_Create_A_Lead_And_Verify_If_Lead_Is_Created_Successfully -->
