<?xml version="1.0" encoding="UTF-8"?>
<!-- Generated by org.testng.reporters.JUnitReportReporter -->
<testsuite hostname="TYSS-Manoj" failures="0" tests="1" name="Contacts.TC001_Create_A_Contact_And_Verify_If_Contact_Is_Created_Successfully" time="18.373" errors="0" timestamp="2023-07-20T08:31:18 IST" skipped="0">
  <testcase classname="Contacts.TC001_Create_A_Contact_And_Verify_If_Contact_Is_Created_Successfully" name="Create_A_Contacts_And_Verify" time="18.373"/>
  <system-out/>
</testsuite> <!-- Contacts.TC001_Create_A_Contact_And_Verify_If_Contact_Is_Created_Successfully -->
